{"C:\\Users\\fabie\\OneDrive\\Documents\\Projets Applications\\cam-editor\\backend\\src\\server.ts": {"path":"C:\\Users\\fabie\\OneDrive\\Documents\\Projets Applications\\cam-editor\\backend\\src\\server.ts","statementMap":{"0":{"start":{"line":1,"column":0},"end":{"line":1,"column":53}},"1":{"start":{"line":2,"column":0},"end":{"line":2,"column":24}},"2":{"start":{"line":3,"column":0},"end":{"line":3,"column":28}},"3":{"start":{"line":5,"column":0},"end":{"line":5,"column":57}},"4":{"start":{"line":6,"column":0},"end":{"line":6,"column":59}},"5":{"start":{"line":7,"column":0},"end":{"line":7,"column":74}},"6":{"start":{"line":10,"column":0},"end":{"line":10,"column":16}},"7":{"start":{"line":13,"column":12},"end":{"line":13,"column":21}},"8":{"start":{"line":16,"column":0},"end":{"line":16,"column":16}},"9":{"start":{"line":17,"column":0},"end":{"line":17,"column":24}},"10":{"start":{"line":20,"column":13},"end":{"line":20,"column":37}},"11":{"start":{"line":23,"column":0},"end":{"line":23,"column":61}},"12":{"start":{"line":26,"column":0},"end":{"line":26,"column":23}},"13":{"start":{"line":29,"column":0},"end":{"line":29,"column":47}},"14":{"start":{"line":30,"column":0},"end":{"line":30,"column":48}},"15":{"start":{"line":33,"column":19},"end":{"line":35,"column":1}},"16":{"start":{"line":34,"column":2},"end":{"line":34,"column":53}},"17":{"start":{"line":36,"column":0},"end":{"line":36,"column":35}},"18":{"start":{"line":39,"column":0},"end":{"line":41,"column":3}},"19":{"start":{"line":40,"column":2},"end":{"line":40,"column":48}},"20":{"start":{"line":43,"column":0},"end":{"line":43,"column":19}}},"fnMap":{"0":{"name":"(anonymous_1)","decl":{"start":{"line":33,"column":19},"end":{"line":33,"column":20}},"loc":{"start":{"line":33,"column":57},"end":{"line":35,"column":1}}},"1":{"name":"(anonymous_2)","decl":{"start":{"line":39,"column":17},"end":{"line":39,"column":20}},"loc":{"start":{"line":39,"column":22},"end":{"line":41,"column":1}}}},"branchMap":{"0":{"loc":{"start":{"line":20,"column":13},"end":{"line":20,"column":37}},"type":"binary-expr","locations":[{"start":{"line":20,"column":13},"end":{"line":20,"column":29}},{"start":{"line":20,"column":33},"end":{"line":20,"column":37}}]}},"s":{"0":0,"1":0,"2":0,"3":0,"4":0,"5":0,"6":0,"7":0,"8":0,"9":0,"10":0,"11":0,"12":0,"13":0,"14":0,"15":0,"16":0,"17":0,"18":0,"19":0,"20":0},"f":{"0":0,"1":0},"b":{"0":[0,0]}}
,"C:\\Users\\fabie\\OneDrive\\Documents\\Projets Applications\\cam-editor\\backend\\src\\controllers\\calculationController.ts": {"path":"C:\\Users\\fabie\\OneDrive\\Documents\\Projets Applications\\cam-editor\\backend\\src\\controllers\\calculationController.ts","statementMap":{"0":{"start":{"line":2,"column":0},"end":{"line":2,"column":89}},"1":{"start":{"line":3,"column":0},"end":{"line":3,"column":53}},"2":{"start":{"line":6,"column":34},"end":{"line":34,"column":2}},"3":{"start":{"line":6,"column":72},"end":{"line":34,"column":2}},"4":{"start":{"line":7,"column":2},"end":{"line":33,"column":3}},"5":{"start":{"line":8,"column":37},"end":{"line":8,"column":47}},"6":{"start":{"line":10,"column":23},"end":{"line":10,"column":77}},"7":{"start":{"line":10,"column":58},"end":{"line":10,"column":76}},"8":{"start":{"line":11,"column":4},"end":{"line":13,"column":5}},"9":{"start":{"line":12,"column":6},"end":{"line":12,"column":72}},"10":{"start":{"line":15,"column":23},"end":{"line":15,"column":40}},"11":{"start":{"line":16,"column":21},"end":{"line":16,"column":36}},"12":{"start":{"line":17,"column":22},"end":{"line":17,"column":38}},"13":{"start":{"line":19,"column":4},"end":{"line":21,"column":5}},"14":{"start":{"line":20,"column":6},"end":{"line":20,"column":69}},"15":{"start":{"line":23,"column":19},"end":{"line":27,"column":null}},"16":{"start":{"line":30,"column":4},"end":{"line":30,"column":33}},"17":{"start":{"line":32,"column":4},"end":{"line":32,"column":77}},"18":{"start":{"line":6,"column":13},"end":{"line":6,"column":34}},"19":{"start":{"line":37,"column":40},"end":{"line":74,"column":2}},"20":{"start":{"line":37,"column":78},"end":{"line":74,"column":2}},"21":{"start":{"line":38,"column":2},"end":{"line":73,"column":3}},"22":{"start":{"line":39,"column":26},"end":{"line":39,"column":36}},"23":{"start":{"line":41,"column":23},"end":{"line":41,"column":77}},"24":{"start":{"line":41,"column":58},"end":{"line":41,"column":76}},"25":{"start":{"line":42,"column":4},"end":{"line":44,"column":5}},"26":{"start":{"line":43,"column":6},"end":{"line":43,"column":72}},"27":{"start":{"line":46,"column":23},"end":{"line":46,"column":40}},"28":{"start":{"line":48,"column":4},"end":{"line":50,"column":5}},"29":{"start":{"line":49,"column":6},"end":{"line":49,"column":74}},"30":{"start":{"line":53,"column":20},"end":{"line":54,"column":null}},"31":{"start":{"line":54,"column":20},"end":{"line":54,"column":64}},"32":{"start":{"line":57,"column":4},"end":{"line":59,"column":5}},"33":{"start":{"line":58,"column":6},"end":{"line":58,"column":87}},"34":{"start":{"line":61,"column":19},"end":{"line":61,"column":59}},"35":{"start":{"line":63,"column":4},"end":{"line":65,"column":5}},"36":{"start":{"line":64,"column":6},"end":{"line":64,"column":97}},"37":{"start":{"line":67,"column":4},"end":{"line":70,"column":7}},"38":{"start":{"line":72,"column":4},"end":{"line":72,"column":85}},"39":{"start":{"line":37,"column":13},"end":{"line":37,"column":40}},"40":{"start":{"line":77,"column":31},"end":{"line":118,"column":2}},"41":{"start":{"line":77,"column":69},"end":{"line":118,"column":2}},"42":{"start":{"line":78,"column":2},"end":{"line":117,"column":3}},"43":{"start":{"line":79,"column":43},"end":{"line":79,"column":51}},"44":{"start":{"line":81,"column":4},"end":{"line":81,"column":85}},"45":{"start":{"line":83,"column":4},"end":{"line":86,"column":5}},"46":{"start":{"line":84,"column":6},"end":{"line":84,"column":56}},"47":{"start":{"line":85,"column":6},"end":{"line":85,"column":83}},"48":{"start":{"line":89,"column":26},"end":{"line":99,"column":7}},"49":{"start":{"line":89,"column":54},"end":{"line":99,"column":6}},"50":{"start":{"line":101,"column":4},"end":{"line":101,"column":54}},"51":{"start":{"line":104,"column":17},"end":{"line":104,"column":69}},"52":{"start":{"line":104,"column":61},"end":{"line":104,"column":67}},"53":{"start":{"line":105,"column":17},"end":{"line":105,"column":69}},"54":{"start":{"line":105,"column":61},"end":{"line":105,"column":67}},"55":{"start":{"line":106,"column":17},"end":{"line":106,"column":43}},"56":{"start":{"line":108,"column":4},"end":{"line":108,"column":65}},"57":{"start":{"line":110,"column":19},"end":{"line":110,"column":76}},"58":{"start":{"line":111,"column":4},"end":{"line":111,"column":47}},"59":{"start":{"line":113,"column":4},"end":{"line":113,"column":33}},"60":{"start":{"line":115,"column":4},"end":{"line":115,"column":54}},"61":{"start":{"line":116,"column":4},"end":{"line":116,"column":73}},"62":{"start":{"line":77,"column":13},"end":{"line":77,"column":31}}},"fnMap":{"0":{"name":"(anonymous_7)","decl":{"start":{"line":6,"column":34},"end":{"line":6,"column":41}},"loc":{"start":{"line":6,"column":72},"end":{"line":34,"column":2}}},"1":{"name":"(anonymous_8)","decl":{"start":{"line":6,"column":72},"end":{"line":6,"column":null}},"loc":{"start":{"line":6,"column":72},"end":{"line":34,"column":1}}},"2":{"name":"(anonymous_9)","decl":{"start":{"line":10,"column":40},"end":{"line":10,"column":41}},"loc":{"start":{"line":10,"column":58},"end":{"line":10,"column":76}}},"3":{"name":"(anonymous_10)","decl":{"start":{"line":37,"column":40},"end":{"line":37,"column":47}},"loc":{"start":{"line":37,"column":78},"end":{"line":74,"column":2}}},"4":{"name":"(anonymous_11)","decl":{"start":{"line":37,"column":78},"end":{"line":37,"column":null}},"loc":{"start":{"line":37,"column":78},"end":{"line":74,"column":1}}},"5":{"name":"(anonymous_12)","decl":{"start":{"line":41,"column":40},"end":{"line":41,"column":41}},"loc":{"start":{"line":41,"column":58},"end":{"line":41,"column":76}}},"6":{"name":"(anonymous_13)","decl":{"start":{"line":54,"column":6},"end":{"line":54,"column":7}},"loc":{"start":{"line":54,"column":20},"end":{"line":54,"column":64}}},"7":{"name":"(anonymous_14)","decl":{"start":{"line":77,"column":31},"end":{"line":77,"column":38}},"loc":{"start":{"line":77,"column":69},"end":{"line":118,"column":2}}},"8":{"name":"(anonymous_15)","decl":{"start":{"line":77,"column":69},"end":{"line":77,"column":null}},"loc":{"start":{"line":77,"column":69},"end":{"line":118,"column":1}}},"9":{"name":"(anonymous_16)","decl":{"start":{"line":89,"column":39},"end":{"line":89,"column":40}},"loc":{"start":{"line":89,"column":54},"end":{"line":99,"column":6}}},"10":{"name":"(anonymous_17)","decl":{"start":{"line":104,"column":47},"end":{"line":104,"column":48}},"loc":{"start":{"line":104,"column":61},"end":{"line":104,"column":67}}},"11":{"name":"(anonymous_18)","decl":{"start":{"line":105,"column":47},"end":{"line":105,"column":48}},"loc":{"start":{"line":105,"column":61},"end":{"line":105,"column":67}}}},"branchMap":{"0":{"loc":{"start":{"line":11,"column":4},"end":{"line":13,"column":5}},"type":"if","locations":[{"start":{"line":11,"column":4},"end":{"line":13,"column":5}}]},"1":{"loc":{"start":{"line":19,"column":4},"end":{"line":21,"column":5}},"type":"if","locations":[{"start":{"line":19,"column":4},"end":{"line":21,"column":5}}]},"2":{"loc":{"start":{"line":19,"column":8},"end":{"line":19,"column":64}},"type":"binary-expr","locations":[{"start":{"line":19,"column":8},"end":{"line":19,"column":25}},{"start":{"line":19,"column":29},"end":{"line":19,"column":44}},{"start":{"line":19,"column":48},"end":{"line":19,"column":64}}]},"3":{"loc":{"start":{"line":42,"column":4},"end":{"line":44,"column":5}},"type":"if","locations":[{"start":{"line":42,"column":4},"end":{"line":44,"column":5}}]},"4":{"loc":{"start":{"line":48,"column":4},"end":{"line":50,"column":5}},"type":"if","locations":[{"start":{"line":48,"column":4},"end":{"line":50,"column":5}}]},"5":{"loc":{"start":{"line":54,"column":20},"end":{"line":54,"column":64}},"type":"binary-expr","locations":[{"start":{"line":54,"column":20},"end":{"line":54,"column":40}},{"start":{"line":54,"column":44},"end":{"line":54,"column":64}}]},"6":{"loc":{"start":{"line":57,"column":4},"end":{"line":59,"column":5}},"type":"if","locations":[{"start":{"line":57,"column":4},"end":{"line":59,"column":5}}]},"7":{"loc":{"start":{"line":63,"column":4},"end":{"line":65,"column":5}},"type":"if","locations":[{"start":{"line":63,"column":4},"end":{"line":65,"column":5}}]},"8":{"loc":{"start":{"line":79,"column":22},"end":{"line":79,"column":38}},"type":"default-arg","locations":[{"start":{"line":79,"column":35},"end":{"line":79,"column":38}}]},"9":{"loc":{"start":{"line":83,"column":4},"end":{"line":86,"column":5}},"type":"if","locations":[{"start":{"line":83,"column":4},"end":{"line":86,"column":5}}]},"10":{"loc":{"start":{"line":83,"column":8},"end":{"line":83,"column":70}},"type":"binary-expr","locations":[{"start":{"line":83,"column":8},"end":{"line":83,"column":17}},{"start":{"line":83,"column":21},"end":{"line":83,"column":45}},{"start":{"line":83,"column":49},"end":{"line":83,"column":70}}]},"11":{"loc":{"start":{"line":98,"column":17},"end":{"line":98,"column":42}},"type":"binary-expr","locations":[{"start":{"line":98,"column":17},"end":{"line":98,"column":30}},{"start":{"line":98,"column":34},"end":{"line":98,"column":42}}]}},"s":{"0":1,"1":1,"2":1,"3":4,"4":4,"5":4,"6":4,"7":4,"8":4,"9":1,"10":3,"11":3,"12":3,"13":3,"14":1,"15":2,"16":1,"17":1,"18":1,"19":1,"20":6,"21":6,"22":6,"23":6,"24":5,"25":5,"26":1,"27":4,"28":4,"29":1,"30":3,"31":3,"32":3,"33":1,"34":2,"35":2,"36":1,"37":1,"38":1,"39":1,"40":1,"41":4,"42":4,"43":4,"44":4,"45":4,"46":2,"47":2,"48":2,"49":2,"50":2,"51":2,"52":2,"53":2,"54":2,"55":2,"56":2,"57":2,"58":1,"59":1,"60":1,"61":1,"62":1},"f":{"0":4,"1":4,"2":4,"3":6,"4":6,"5":5,"6":3,"7":4,"8":4,"9":2,"10":2,"11":2},"b":{"0":[1],"1":[1],"2":[3,2,2],"3":[1],"4":[1],"5":[3,3],"6":[1],"7":[1],"8":[0],"9":[2],"10":[4,3,3],"11":[2,0]}}
,"C:\\Users\\fabie\\OneDrive\\Documents\\Projets Applications\\cam-editor\\backend\\src\\controllers\\camProfileController.ts": {"path":"C:\\Users\\fabie\\OneDrive\\Documents\\Projets Applications\\cam-editor\\backend\\src\\controllers\\camProfileController.ts","statementMap":{"0":{"start":{"line":2,"column":0},"end":{"line":2,"column":36}},"1":{"start":{"line":5,"column":11},"end":{"line":5,"column":35}},"2":{"start":{"line":8,"column":33},"end":{"line":14,"column":2}},"3":{"start":{"line":8,"column":71},"end":{"line":14,"column":2}},"4":{"start":{"line":9,"column":2},"end":{"line":13,"column":3}},"5":{"start":{"line":10,"column":4},"end":{"line":10,"column":38}},"6":{"start":{"line":12,"column":4},"end":{"line":12,"column":76}},"7":{"start":{"line":8,"column":13},"end":{"line":8,"column":33}},"8":{"start":{"line":17,"column":33},"end":{"line":27,"column":2}},"9":{"start":{"line":17,"column":71},"end":{"line":27,"column":2}},"10":{"start":{"line":18,"column":2},"end":{"line":26,"column":3}},"11":{"start":{"line":19,"column":23},"end":{"line":19,"column":81}},"12":{"start":{"line":19,"column":51},"end":{"line":19,"column":80}},"13":{"start":{"line":20,"column":4},"end":{"line":22,"column":5}},"14":{"start":{"line":21,"column":6},"end":{"line":21,"column":72}},"15":{"start":{"line":23,"column":4},"end":{"line":23,"column":37}},"16":{"start":{"line":25,"column":4},"end":{"line":25,"column":75}},"17":{"start":{"line":17,"column":13},"end":{"line":17,"column":33}},"18":{"start":{"line":30,"column":32},"end":{"line":52,"column":2}},"19":{"start":{"line":30,"column":70},"end":{"line":52,"column":2}},"20":{"start":{"line":31,"column":2},"end":{"line":51,"column":3}},"21":{"start":{"line":32,"column":23},"end":{"line":36,"column":null}},"22":{"start":{"line":40,"column":4},"end":{"line":45,"column":5}},"23":{"start":{"line":41,"column":6},"end":{"line":44,"column":10}},"24":{"start":{"line":41,"column":76},"end":{"line":43,"column":null}},"25":{"start":{"line":47,"column":4},"end":{"line":47,"column":36}},"26":{"start":{"line":48,"column":4},"end":{"line":48,"column":40}},"27":{"start":{"line":50,"column":4},"end":{"line":50,"column":75}},"28":{"start":{"line":30,"column":13},"end":{"line":30,"column":32}},"29":{"start":{"line":55,"column":32},"end":{"line":73,"column":2}},"30":{"start":{"line":55,"column":70},"end":{"line":73,"column":2}},"31":{"start":{"line":56,"column":2},"end":{"line":72,"column":3}},"32":{"start":{"line":57,"column":18},"end":{"line":57,"column":81}},"33":{"start":{"line":57,"column":51},"end":{"line":57,"column":80}},"34":{"start":{"line":58,"column":4},"end":{"line":60,"column":5}},"35":{"start":{"line":59,"column":6},"end":{"line":59,"column":72}},"36":{"start":{"line":62,"column":27},"end":{"line":65,"column":null}},"37":{"start":{"line":68,"column":4},"end":{"line":68,"column":43}},"38":{"start":{"line":69,"column":4},"end":{"line":69,"column":44}},"39":{"start":{"line":71,"column":4},"end":{"line":71,"column":75}},"40":{"start":{"line":55,"column":13},"end":{"line":55,"column":32}},"41":{"start":{"line":76,"column":32},"end":{"line":88,"column":2}},"42":{"start":{"line":76,"column":70},"end":{"line":88,"column":2}},"43":{"start":{"line":77,"column":2},"end":{"line":87,"column":3}},"44":{"start":{"line":78,"column":18},"end":{"line":78,"column":81}},"45":{"start":{"line":78,"column":51},"end":{"line":78,"column":80}},"46":{"start":{"line":79,"column":4},"end":{"line":81,"column":5}},"47":{"start":{"line":80,"column":6},"end":{"line":80,"column":72}},"48":{"start":{"line":83,"column":4},"end":{"line":83,"column":33}},"49":{"start":{"line":84,"column":4},"end":{"line":84,"column":74}},"50":{"start":{"line":86,"column":4},"end":{"line":86,"column":75}},"51":{"start":{"line":76,"column":13},"end":{"line":76,"column":32}},"52":{"start":{"line":91,"column":26},"end":{"line":121,"column":2}},"53":{"start":{"line":91,"column":64},"end":{"line":121,"column":2}},"54":{"start":{"line":92,"column":2},"end":{"line":120,"column":3}},"55":{"start":{"line":93,"column":23},"end":{"line":93,"column":81}},"56":{"start":{"line":93,"column":51},"end":{"line":93,"column":80}},"57":{"start":{"line":94,"column":4},"end":{"line":96,"column":5}},"58":{"start":{"line":95,"column":6},"end":{"line":95,"column":72}},"59":{"start":{"line":99,"column":4},"end":{"line":107,"column":5}},"60":{"start":{"line":100,"column":26},"end":{"line":100,"column":77}},"61":{"start":{"line":103,"column":6},"end":{"line":103,"column":35}},"62":{"start":{"line":104,"column":6},"end":{"line":104,"column":35}},"63":{"start":{"line":105,"column":6},"end":{"line":105,"column":35}},"64":{"start":{"line":106,"column":6},"end":{"line":106,"column":35}},"65":{"start":{"line":109,"column":20},"end":{"line":111,"column":null}},"66":{"start":{"line":114,"column":4},"end":{"line":114,"column":41}},"67":{"start":{"line":115,"column":4},"end":{"line":115,"column":38}},"68":{"start":{"line":117,"column":4},"end":{"line":117,"column":37}},"69":{"start":{"line":119,"column":4},"end":{"line":119,"column":69}},"70":{"start":{"line":91,"column":13},"end":{"line":91,"column":26}},"71":{"start":{"line":124,"column":29},"end":{"line":165,"column":2}},"72":{"start":{"line":124,"column":67},"end":{"line":165,"column":2}},"73":{"start":{"line":125,"column":2},"end":{"line":164,"column":3}},"74":{"start":{"line":126,"column":30},"end":{"line":126,"column":40}},"75":{"start":{"line":128,"column":23},"end":{"line":128,"column":70}},"76":{"start":{"line":128,"column":51},"end":{"line":128,"column":69}},"77":{"start":{"line":129,"column":4},"end":{"line":131,"column":5}},"78":{"start":{"line":130,"column":6},"end":{"line":130,"column":72}},"79":{"start":{"line":133,"column":25},"end":{"line":134,"column":null}},"80":{"start":{"line":134,"column":24},"end":{"line":134,"column":49}},"81":{"start":{"line":137,"column":4},"end":{"line":139,"column":5}},"82":{"start":{"line":138,"column":6},"end":{"line":138,"column":68}},"83":{"start":{"line":142,"column":4},"end":{"line":145,"column":6}},"84":{"start":{"line":148,"column":4},"end":{"line":157,"column":5}},"85":{"start":{"line":149,"column":29},"end":{"line":149,"column":62}},"86":{"start":{"line":150,"column":26},"end":{"line":150,"column":63}},"87":{"start":{"line":153,"column":6},"end":{"line":153,"column":41}},"88":{"start":{"line":154,"column":6},"end":{"line":154,"column":41}},"89":{"start":{"line":155,"column":6},"end":{"line":155,"column":41}},"90":{"start":{"line":156,"column":6},"end":{"line":156,"column":41}},"91":{"start":{"line":159,"column":4},"end":{"line":159,"column":38}},"92":{"start":{"line":161,"column":4},"end":{"line":161,"column":37}},"93":{"start":{"line":163,"column":4},"end":{"line":163,"column":71}},"94":{"start":{"line":124,"column":13},"end":{"line":124,"column":29}},"95":{"start":{"line":168,"column":29},"end":{"line":187,"column":2}},"96":{"start":{"line":168,"column":67},"end":{"line":187,"column":2}},"97":{"start":{"line":169,"column":2},"end":{"line":186,"column":3}},"98":{"start":{"line":170,"column":30},"end":{"line":170,"column":40}},"99":{"start":{"line":172,"column":23},"end":{"line":172,"column":70}},"100":{"start":{"line":172,"column":51},"end":{"line":172,"column":69}},"101":{"start":{"line":173,"column":4},"end":{"line":175,"column":5}},"102":{"start":{"line":174,"column":6},"end":{"line":174,"column":72}},"103":{"start":{"line":177,"column":4},"end":{"line":179,"column":6}},"104":{"start":{"line":178,"column":24},"end":{"line":178,"column":49}},"105":{"start":{"line":181,"column":4},"end":{"line":181,"column":38}},"106":{"start":{"line":183,"column":4},"end":{"line":183,"column":37}},"107":{"start":{"line":185,"column":4},"end":{"line":185,"column":71}},"108":{"start":{"line":168,"column":13},"end":{"line":168,"column":29}},"109":{"start":{"line":190,"column":37},"end":{"line":204,"column":2}},"110":{"start":{"line":190,"column":75},"end":{"line":204,"column":2}},"111":{"start":{"line":191,"column":2},"end":{"line":203,"column":3}},"112":{"start":{"line":192,"column":23},"end":{"line":192,"column":81}},"113":{"start":{"line":192,"column":51},"end":{"line":192,"column":80}},"114":{"start":{"line":193,"column":4},"end":{"line":195,"column":5}},"115":{"start":{"line":194,"column":6},"end":{"line":194,"column":72}},"116":{"start":{"line":197,"column":4},"end":{"line":197,"column":58}},"117":{"start":{"line":198,"column":4},"end":{"line":198,"column":38}},"118":{"start":{"line":200,"column":4},"end":{"line":200,"column":37}},"119":{"start":{"line":202,"column":4},"end":{"line":202,"column":80}},"120":{"start":{"line":190,"column":13},"end":{"line":190,"column":37}},"121":{"start":{"line":207,"column":36},"end":{"line":236,"column":1}},"122":{"start":{"line":208,"column":2},"end":{"line":235,"column":3}},"123":{"start":{"line":209,"column":27},"end":{"line":231,"column":6}},"124":{"start":{"line":233,"column":4},"end":{"line":233,"column":37}},"125":{"start":{"line":234,"column":4},"end":{"line":234,"column":47}},"126":{"start":{"line":207,"column":13},"end":{"line":207,"column":36}}},"fnMap":{"0":{"name":"(anonymous_7)","decl":{"start":{"line":8,"column":33},"end":{"line":8,"column":40}},"loc":{"start":{"line":8,"column":71},"end":{"line":14,"column":2}}},"1":{"name":"(anonymous_8)","decl":{"start":{"line":8,"column":71},"end":{"line":8,"column":null}},"loc":{"start":{"line":8,"column":71},"end":{"line":14,"column":1}}},"2":{"name":"(anonymous_9)","decl":{"start":{"line":17,"column":33},"end":{"line":17,"column":40}},"loc":{"start":{"line":17,"column":71},"end":{"line":27,"column":2}}},"3":{"name":"(anonymous_10)","decl":{"start":{"line":17,"column":71},"end":{"line":17,"column":null}},"loc":{"start":{"line":17,"column":71},"end":{"line":27,"column":1}}},"4":{"name":"(anonymous_11)","decl":{"start":{"line":19,"column":40},"end":{"line":19,"column":47}},"loc":{"start":{"line":19,"column":51},"end":{"line":19,"column":80}}},"5":{"name":"(anonymous_12)","decl":{"start":{"line":30,"column":32},"end":{"line":30,"column":39}},"loc":{"start":{"line":30,"column":70},"end":{"line":52,"column":2}}},"6":{"name":"(anonymous_13)","decl":{"start":{"line":30,"column":70},"end":{"line":30,"column":null}},"loc":{"start":{"line":30,"column":70},"end":{"line":52,"column":1}}},"7":{"name":"(anonymous_14)","decl":{"start":{"line":41,"column":58},"end":{"line":41,"column":59}},"loc":{"start":{"line":41,"column":76},"end":{"line":43,"column":null}}},"8":{"name":"(anonymous_15)","decl":{"start":{"line":55,"column":32},"end":{"line":55,"column":39}},"loc":{"start":{"line":55,"column":70},"end":{"line":73,"column":2}}},"9":{"name":"(anonymous_16)","decl":{"start":{"line":55,"column":70},"end":{"line":55,"column":null}},"loc":{"start":{"line":55,"column":70},"end":{"line":73,"column":1}}},"10":{"name":"(anonymous_17)","decl":{"start":{"line":57,"column":40},"end":{"line":57,"column":47}},"loc":{"start":{"line":57,"column":51},"end":{"line":57,"column":80}}},"11":{"name":"(anonymous_18)","decl":{"start":{"line":76,"column":32},"end":{"line":76,"column":39}},"loc":{"start":{"line":76,"column":70},"end":{"line":88,"column":2}}},"12":{"name":"(anonymous_19)","decl":{"start":{"line":76,"column":70},"end":{"line":76,"column":null}},"loc":{"start":{"line":76,"column":70},"end":{"line":88,"column":1}}},"13":{"name":"(anonymous_20)","decl":{"start":{"line":78,"column":40},"end":{"line":78,"column":47}},"loc":{"start":{"line":78,"column":51},"end":{"line":78,"column":80}}},"14":{"name":"(anonymous_21)","decl":{"start":{"line":91,"column":26},"end":{"line":91,"column":33}},"loc":{"start":{"line":91,"column":64},"end":{"line":121,"column":2}}},"15":{"name":"(anonymous_22)","decl":{"start":{"line":91,"column":64},"end":{"line":91,"column":null}},"loc":{"start":{"line":91,"column":64},"end":{"line":121,"column":1}}},"16":{"name":"(anonymous_23)","decl":{"start":{"line":93,"column":40},"end":{"line":93,"column":47}},"loc":{"start":{"line":93,"column":51},"end":{"line":93,"column":80}}},"17":{"name":"(anonymous_24)","decl":{"start":{"line":124,"column":29},"end":{"line":124,"column":36}},"loc":{"start":{"line":124,"column":67},"end":{"line":165,"column":2}}},"18":{"name":"(anonymous_25)","decl":{"start":{"line":124,"column":67},"end":{"line":124,"column":null}},"loc":{"start":{"line":124,"column":67},"end":{"line":165,"column":1}}},"19":{"name":"(anonymous_26)","decl":{"start":{"line":128,"column":40},"end":{"line":128,"column":47}},"loc":{"start":{"line":128,"column":51},"end":{"line":128,"column":69}}},"20":{"name":"(anonymous_27)","decl":{"start":{"line":134,"column":6},"end":{"line":134,"column":7}},"loc":{"start":{"line":134,"column":24},"end":{"line":134,"column":49}}},"21":{"name":"(anonymous_28)","decl":{"start":{"line":168,"column":29},"end":{"line":168,"column":36}},"loc":{"start":{"line":168,"column":67},"end":{"line":187,"column":2}}},"22":{"name":"(anonymous_29)","decl":{"start":{"line":168,"column":67},"end":{"line":168,"column":null}},"loc":{"start":{"line":168,"column":67},"end":{"line":187,"column":1}}},"23":{"name":"(anonymous_30)","decl":{"start":{"line":172,"column":40},"end":{"line":172,"column":47}},"loc":{"start":{"line":172,"column":51},"end":{"line":172,"column":69}}},"24":{"name":"(anonymous_31)","decl":{"start":{"line":178,"column":6},"end":{"line":178,"column":7}},"loc":{"start":{"line":178,"column":24},"end":{"line":178,"column":49}}},"25":{"name":"(anonymous_32)","decl":{"start":{"line":190,"column":37},"end":{"line":190,"column":44}},"loc":{"start":{"line":190,"column":75},"end":{"line":204,"column":2}}},"26":{"name":"(anonymous_33)","decl":{"start":{"line":190,"column":75},"end":{"line":190,"column":null}},"loc":{"start":{"line":190,"column":75},"end":{"line":204,"column":1}}},"27":{"name":"(anonymous_34)","decl":{"start":{"line":192,"column":40},"end":{"line":192,"column":47}},"loc":{"start":{"line":192,"column":51},"end":{"line":192,"column":80}}},"28":{"name":"(anonymous_35)","decl":{"start":{"line":207,"column":36},"end":{"line":207,"column":39}},"loc":{"start":{"line":207,"column":41},"end":{"line":236,"column":1}}}},"branchMap":{"0":{"loc":{"start":{"line":20,"column":4},"end":{"line":22,"column":5}},"type":"if","locations":[{"start":{"line":20,"column":4},"end":{"line":22,"column":5}}]},"1":{"loc":{"start":{"line":40,"column":4},"end":{"line":45,"column":5}},"type":"if","locations":[{"start":{"line":40,"column":4},"end":{"line":45,"column":5}}]},"2":{"loc":{"start":{"line":58,"column":4},"end":{"line":60,"column":5}},"type":"if","locations":[{"start":{"line":58,"column":4},"end":{"line":60,"column":5}}]},"3":{"loc":{"start":{"line":79,"column":4},"end":{"line":81,"column":5}},"type":"if","locations":[{"start":{"line":79,"column":4},"end":{"line":81,"column":5}}]},"4":{"loc":{"start":{"line":94,"column":4},"end":{"line":96,"column":5}},"type":"if","locations":[{"start":{"line":94,"column":4},"end":{"line":96,"column":5}}]},"5":{"loc":{"start":{"line":99,"column":4},"end":{"line":107,"column":5}},"type":"if","locations":[{"start":{"line":99,"column":4},"end":{"line":107,"column":5}}]},"6":{"loc":{"start":{"line":99,"column":8},"end":{"line":99,"column":61}},"type":"binary-expr","locations":[{"start":{"line":99,"column":8},"end":{"line":99,"column":27}},{"start":{"line":99,"column":31},"end":{"line":99,"column":61}}]},"7":{"loc":{"start":{"line":129,"column":4},"end":{"line":131,"column":5}},"type":"if","locations":[{"start":{"line":129,"column":4},"end":{"line":131,"column":5}}]},"8":{"loc":{"start":{"line":137,"column":4},"end":{"line":139,"column":5}},"type":"if","locations":[{"start":{"line":137,"column":4},"end":{"line":139,"column":5}}]},"9":{"loc":{"start":{"line":148,"column":4},"end":{"line":157,"column":5}},"type":"if","locations":[{"start":{"line":148,"column":4},"end":{"line":157,"column":5}}]},"10":{"loc":{"start":{"line":173,"column":4},"end":{"line":175,"column":5}},"type":"if","locations":[{"start":{"line":173,"column":4},"end":{"line":175,"column":5}}]},"11":{"loc":{"start":{"line":193,"column":4},"end":{"line":195,"column":5}},"type":"if","locations":[{"start":{"line":193,"column":4},"end":{"line":195,"column":5}}]},"12":{"loc":{"start":{"line":208,"column":2},"end":{"line":235,"column":3}},"type":"if","locations":[{"start":{"line":208,"column":2},"end":{"line":235,"column":3}}]}},"s":{"0":2,"1":2,"2":2,"3":2,"4":2,"5":2,"6":1,"7":2,"8":2,"9":2,"10":2,"11":2,"12":3,"13":2,"14":1,"15":1,"16":0,"17":2,"18":2,"19":1,"20":1,"21":1,"22":1,"23":1,"24":0,"25":1,"26":1,"27":0,"28":2,"29":2,"30":2,"31":2,"32":2,"33":2,"34":2,"35":1,"36":1,"37":1,"38":1,"39":0,"40":2,"41":2,"42":2,"43":2,"44":2,"45":2,"46":2,"47":1,"48":1,"49":1,"50":0,"51":2,"52":2,"53":3,"54":3,"55":3,"56":3,"57":3,"58":1,"59":2,"60":1,"61":1,"62":1,"63":1,"64":1,"65":2,"66":2,"67":2,"68":2,"69":0,"70":2,"71":2,"72":1,"73":1,"74":1,"75":1,"76":1,"77":1,"78":0,"79":1,"80":2,"81":1,"82":0,"83":1,"84":1,"85":1,"86":1,"87":1,"88":1,"89":1,"90":1,"91":1,"92":1,"93":0,"94":2,"95":2,"96":0,"97":0,"98":0,"99":0,"100":0,"101":0,"102":0,"103":0,"104":0,"105":0,"106":0,"107":0,"108":2,"109":2,"110":0,"111":0,"112":0,"113":0,"114":0,"115":0,"116":0,"117":0,"118":0,"119":0,"120":2,"121":2,"122":0,"123":0,"124":0,"125":0,"126":2},"f":{"0":2,"1":2,"2":2,"3":2,"4":3,"5":1,"6":1,"7":0,"8":2,"9":2,"10":2,"11":2,"12":2,"13":2,"14":3,"15":3,"16":3,"17":1,"18":1,"19":1,"20":2,"21":0,"22":0,"23":0,"24":0,"25":0,"26":0,"27":0,"28":0},"b":{"0":[1],"1":[1],"2":[1],"3":[1],"4":[1],"5":[1],"6":[2,2],"7":[0],"8":[0],"9":[1],"10":[0],"11":[0],"12":[0]}}
,"C:\\Users\\fabie\\OneDrive\\Documents\\Projets Applications\\cam-editor\\backend\\src\\models\\CamProfile.ts": {"path":"C:\\Users\\fabie\\OneDrive\\Documents\\Projets Applications\\cam-editor\\backend\\src\\models\\CamProfile.ts","statementMap":{"0":{"start":{"line":1,"column":0},"end":{"line":1,"column":54}},"1":{"start":{"line":29,"column":30},"end":{"line":43,"column":2}},"2":{"start":{"line":46,"column":33},"end":{"line":53,"column":24}},"3":{"start":{"line":55,"column":0},"end":{"line":55,"column":75}}},"fnMap":{},"branchMap":{},"s":{"0":0,"1":0,"2":0,"3":0},"f":{},"b":{}}
,"C:\\Users\\fabie\\OneDrive\\Documents\\Projets Applications\\cam-editor\\backend\\src\\routes\\calculationRoutes.ts": {"path":"C:\\Users\\fabie\\OneDrive\\Documents\\Projets Applications\\cam-editor\\backend\\src\\routes\\calculationRoutes.ts","statementMap":{"0":{"start":{"line":1,"column":0},"end":{"line":1,"column":61}},"1":{"start":{"line":2,"column":0},"end":{"line":2,"column":null}},"2":{"start":{"line":8,"column":23},"end":{"line":8,"column":39}},"3":{"start":{"line":11,"column":0},"end":{"line":11,"column":70}},"4":{"start":{"line":14,"column":0},"end":{"line":14,"column":65}},"5":{"start":{"line":17,"column":0},"end":{"line":17,"column":47}},"6":{"start":{"line":19,"column":0},"end":{"line":19,"column":22}}},"fnMap":{},"branchMap":{},"s":{"0":0,"1":0,"2":0,"3":0,"4":0,"5":0,"6":0},"f":{},"b":{}}
,"C:\\Users\\fabie\\OneDrive\\Documents\\Projets Applications\\cam-editor\\backend\\src\\routes\\camProfileRoutes.ts": {"path":"C:\\Users\\fabie\\OneDrive\\Documents\\Projets Applications\\cam-editor\\backend\\src\\routes\\camProfileRoutes.ts","statementMap":{"0":{"start":{"line":1,"column":0},"end":{"line":1,"column":42}},"1":{"start":{"line":2,"column":0},"end":{"line":2,"column":null}},"2":{"start":{"line":14,"column":23},"end":{"line":14,"column":39}},"3":{"start":{"line":17,"column":0},"end":{"line":17,"column":42}},"4":{"start":{"line":18,"column":0},"end":{"line":18,"column":45}},"5":{"start":{"line":19,"column":0},"end":{"line":19,"column":42}},"6":{"start":{"line":20,"column":0},"end":{"line":20,"column":44}},"7":{"start":{"line":21,"column":0},"end":{"line":21,"column":47}},"8":{"start":{"line":24,"column":0},"end":{"line":24,"column":48}},"9":{"start":{"line":25,"column":0},"end":{"line":25,"column":61}},"10":{"start":{"line":26,"column":0},"end":{"line":26,"column":64}},"11":{"start":{"line":29,"column":0},"end":{"line":29,"column":61}},"12":{"start":{"line":31,"column":0},"end":{"line":31,"column":22}}},"fnMap":{},"branchMap":{},"s":{"0":0,"1":0,"2":0,"3":0,"4":0,"5":0,"6":0,"7":0,"8":0,"9":0,"10":0,"11":0,"12":0},"f":{},"b":{}}
,"C:\\Users\\fabie\\OneDrive\\Documents\\Projets Applications\\cam-editor\\backend\\src\\utils\\camCalculations.ts": {"path":"C:\\Users\\fabie\\OneDrive\\Documents\\Projets Applications\\cam-editor\\backend\\src\\utils\\camCalculations.ts","statementMap":{"0":{"start":{"line":6,"column":31},"end":{"line":30,"column":1}},"1":{"start":{"line":18,"column":12},"end":{"line":18,"column":32}},"2":{"start":{"line":21,"column":19},"end":{"line":21,"column":37}},"3":{"start":{"line":24,"column":19},"end":{"line":24,"column":40}},"4":{"start":{"line":27,"column":23},"end":{"line":27,"column":24}},"5":{"start":{"line":29,"column":2},"end":{"line":29,"column":46}},"6":{"start":{"line":6,"column":13},"end":{"line":6,"column":31}},"7":{"start":{"line":33,"column":36},"end":{"line":63,"column":1}},"8":{"start":{"line":45,"column":12},"end":{"line":45,"column":32}},"9":{"start":{"line":48,"column":13},"end":{"line":48,"column":15}},"10":{"start":{"line":49,"column":13},"end":{"line":49,"column":27}},"11":{"start":{"line":50,"column":13},"end":{"line":50,"column":64}},"12":{"start":{"line":51,"column":13},"end":{"line":51,"column":60}},"13":{"start":{"line":54,"column":19},"end":{"line":54,"column":60}},"14":{"start":{"line":57,"column":19},"end":{"line":57,"column":65}},"15":{"start":{"line":60,"column":23},"end":{"line":60,"column":70}},"16":{"start":{"line":62,"column":2},"end":{"line":62,"column":46}},"17":{"start":{"line":33,"column":13},"end":{"line":33,"column":36}},"18":{"start":{"line":66,"column":36},"end":{"line":98,"column":1}},"19":{"start":{"line":78,"column":12},"end":{"line":78,"column":32}},"20":{"start":{"line":81,"column":13},"end":{"line":81,"column":15}},"21":{"start":{"line":82,"column":13},"end":{"line":82,"column":27}},"22":{"start":{"line":83,"column":13},"end":{"line":83,"column":43}},"23":{"start":{"line":84,"column":13},"end":{"line":84,"column":139}},"24":{"start":{"line":85,"column":13},"end":{"line":85,"column":134}},"25":{"start":{"line":86,"column":13},"end":{"line":86,"column":138}},"26":{"start":{"line":89,"column":19},"end":{"line":89,"column":106}},"27":{"start":{"line":92,"column":19},"end":{"line":92,"column":111}},"28":{"start":{"line":95,"column":23},"end":{"line":95,"column":110}},"29":{"start":{"line":97,"column":2},"end":{"line":97,"column":46}},"30":{"start":{"line":66,"column":13},"end":{"line":66,"column":36}},"31":{"start":{"line":101,"column":29},"end":{"line":125,"column":1}},"32":{"start":{"line":113,"column":12},"end":{"line":113,"column":32}},"33":{"start":{"line":116,"column":19},"end":{"line":116,"column":67}},"34":{"start":{"line":119,"column":19},"end":{"line":119,"column":80}},"35":{"start":{"line":122,"column":23},"end":{"line":122,"column":106}},"36":{"start":{"line":124,"column":2},"end":{"line":124,"column":46}},"37":{"start":{"line":101,"column":13},"end":{"line":101,"column":29}},"38":{"start":{"line":128,"column":31},"end":{"line":152,"column":1}},"39":{"start":{"line":140,"column":12},"end":{"line":140,"column":32}},"40":{"start":{"line":143,"column":19},"end":{"line":143,"column":67}},"41":{"start":{"line":146,"column":19},"end":{"line":146,"column":80}},"42":{"start":{"line":149,"column":23},"end":{"line":149,"column":106}},"43":{"start":{"line":151,"column":2},"end":{"line":151,"column":46}},"44":{"start":{"line":128,"column":13},"end":{"line":128,"column":31}},"45":{"start":{"line":155,"column":32},"end":{"line":179,"column":1}},"46":{"start":{"line":167,"column":12},"end":{"line":167,"column":32}},"47":{"start":{"line":170,"column":19},"end":{"line":170,"column":83}},"48":{"start":{"line":173,"column":19},"end":{"line":173,"column":74}},"49":{"start":{"line":176,"column":23},"end":{"line":176,"column":100}},"50":{"start":{"line":178,"column":2},"end":{"line":178,"column":46}},"51":{"start":{"line":155,"column":13},"end":{"line":155,"column":32}},"52":{"start":{"line":182,"column":37},"end":{"line":206,"column":1}},"53":{"start":{"line":194,"column":12},"end":{"line":194,"column":32}},"54":{"start":{"line":197,"column":19},"end":{"line":197,"column":83}},"55":{"start":{"line":200,"column":19},"end":{"line":200,"column":74}},"56":{"start":{"line":203,"column":23},"end":{"line":203,"column":100}},"57":{"start":{"line":205,"column":2},"end":{"line":205,"column":46}},"58":{"start":{"line":182,"column":13},"end":{"line":182,"column":37}},"59":{"start":{"line":209,"column":42},"end":{"line":243,"column":1}},"60":{"start":{"line":221,"column":12},"end":{"line":221,"column":32}},"61":{"start":{"line":225,"column":2},"end":{"line":240,"column":3}},"62":{"start":{"line":227,"column":4},"end":{"line":227,"column":42}},"63":{"start":{"line":228,"column":4},"end":{"line":228,"column":45}},"64":{"start":{"line":229,"column":4},"end":{"line":229,"column":59}},"65":{"start":{"line":230,"column":9},"end":{"line":240,"column":3}},"66":{"start":{"line":232,"column":4},"end":{"line":232,"column":51}},"67":{"start":{"line":233,"column":4},"end":{"line":233,"column":37}},"68":{"start":{"line":234,"column":4},"end":{"line":234,"column":21}},"69":{"start":{"line":237,"column":4},"end":{"line":237,"column":54}},"70":{"start":{"line":238,"column":4},"end":{"line":238,"column":51}},"71":{"start":{"line":239,"column":4},"end":{"line":239,"column":60}},"72":{"start":{"line":242,"column":2},"end":{"line":242,"column":46}},"73":{"start":{"line":209,"column":13},"end":{"line":209,"column":42}},"74":{"start":{"line":246,"column":35},"end":{"line":288,"column":1}},"75":{"start":{"line":260,"column":56},"end":{"line":260,"column":63}},"76":{"start":{"line":263,"column":2},"end":{"line":265,"column":3}},"77":{"start":{"line":264,"column":4},"end":{"line":264,"column":16}},"78":{"start":{"line":268,"column":2},"end":{"line":287,"column":3}},"79":{"start":{"line":270,"column":6},"end":{"line":270,"column":64}},"80":{"start":{"line":272,"column":6},"end":{"line":272,"column":69}},"81":{"start":{"line":274,"column":6},"end":{"line":274,"column":69}},"82":{"start":{"line":276,"column":6},"end":{"line":276,"column":62}},"83":{"start":{"line":278,"column":6},"end":{"line":278,"column":64}},"84":{"start":{"line":280,"column":6},"end":{"line":280,"column":65}},"85":{"start":{"line":282,"column":6},"end":{"line":282,"column":70}},"86":{"start":{"line":284,"column":6},"end":{"line":284,"column":75}},"87":{"start":{"line":286,"column":6},"end":{"line":286,"column":18}},"88":{"start":{"line":246,"column":13},"end":{"line":246,"column":35}},"89":{"start":{"line":291,"column":40},"end":{"line":356,"column":1}},"90":{"start":{"line":307,"column":2},"end":{"line":307,"column":80}},"91":{"start":{"line":309,"column":2},"end":{"line":312,"column":3}},"92":{"start":{"line":310,"column":4},"end":{"line":310,"column":42}},"93":{"start":{"line":311,"column":4},"end":{"line":311,"column":14}},"94":{"start":{"line":315,"column":24},"end":{"line":325,"column":4}},"95":{"start":{"line":316,"column":20},"end":{"line":318,"column":70}},"96":{"start":{"line":320,"column":4},"end":{"line":322,"column":5}},"97":{"start":{"line":321,"column":6},"end":{"line":321,"column":45}},"98":{"start":{"line":324,"column":4},"end":{"line":324,"column":19}},"99":{"start":{"line":327,"column":2},"end":{"line":330,"column":3}},"100":{"start":{"line":328,"column":4},"end":{"line":328,"column":45}},"101":{"start":{"line":329,"column":4},"end":{"line":329,"column":14}},"102":{"start":{"line":332,"column":17},"end":{"line":332,"column":19}},"103":{"start":{"line":333,"column":17},"end":{"line":333,"column":22}},"104":{"start":{"line":335,"column":2},"end":{"line":352,"column":3}},"105":{"start":{"line":337,"column":20},"end":{"line":338,"column":null}},"106":{"start":{"line":338,"column":13},"end":{"line":338,"column":53}},"107":{"start":{"line":341,"column":4},"end":{"line":349,"column":5}},"108":{"start":{"line":342,"column":21},"end":{"line":342,"column":59}},"109":{"start":{"line":343,"column":6},"end":{"line":348,"column":7}},"110":{"start":{"line":344,"column":8},"end":{"line":347,"column":11}},"111":{"start":{"line":351,"column":4},"end":{"line":351,"column":21}},"112":{"start":{"line":354,"column":2},"end":{"line":354,"column":72}},"113":{"start":{"line":355,"column":2},"end":{"line":355,"column":16}},"114":{"start":{"line":291,"column":13},"end":{"line":291,"column":40}}},"fnMap":{"0":{"name":"(anonymous_0)","decl":{"start":{"line":6,"column":31},"end":{"line":6,"column":null}},"loc":{"start":{"line":16,"column":4},"end":{"line":30,"column":1}}},"1":{"name":"(anonymous_1)","decl":{"start":{"line":33,"column":36},"end":{"line":33,"column":null}},"loc":{"start":{"line":43,"column":4},"end":{"line":63,"column":1}}},"2":{"name":"(anonymous_2)","decl":{"start":{"line":66,"column":36},"end":{"line":66,"column":null}},"loc":{"start":{"line":76,"column":4},"end":{"line":98,"column":1}}},"3":{"name":"(anonymous_3)","decl":{"start":{"line":101,"column":29},"end":{"line":101,"column":null}},"loc":{"start":{"line":111,"column":4},"end":{"line":125,"column":1}}},"4":{"name":"(anonymous_4)","decl":{"start":{"line":128,"column":31},"end":{"line":128,"column":null}},"loc":{"start":{"line":138,"column":4},"end":{"line":152,"column":1}}},"5":{"name":"(anonymous_5)","decl":{"start":{"line":155,"column":32},"end":{"line":155,"column":null}},"loc":{"start":{"line":165,"column":4},"end":{"line":179,"column":1}}},"6":{"name":"(anonymous_6)","decl":{"start":{"line":182,"column":37},"end":{"line":182,"column":null}},"loc":{"start":{"line":192,"column":4},"end":{"line":206,"column":1}}},"7":{"name":"(anonymous_7)","decl":{"start":{"line":209,"column":42},"end":{"line":209,"column":null}},"loc":{"start":{"line":219,"column":4},"end":{"line":243,"column":1}}},"8":{"name":"(anonymous_8)","decl":{"start":{"line":246,"column":35},"end":{"line":246,"column":null}},"loc":{"start":{"line":259,"column":4},"end":{"line":288,"column":1}}},"9":{"name":"(anonymous_9)","decl":{"start":{"line":291,"column":40},"end":{"line":291,"column":null}},"loc":{"start":{"line":306,"column":4},"end":{"line":356,"column":1}}},"10":{"name":"(anonymous_10)","decl":{"start":{"line":315,"column":40},"end":{"line":315,"column":43}},"loc":{"start":{"line":315,"column":46},"end":{"line":325,"column":3}}},"11":{"name":"(anonymous_11)","decl":{"start":{"line":338,"column":6},"end":{"line":338,"column":9}},"loc":{"start":{"line":338,"column":13},"end":{"line":338,"column":53}}}},"branchMap":{"0":{"loc":{"start":{"line":225,"column":2},"end":{"line":240,"column":3}},"type":"if","locations":[{"start":{"line":225,"column":2},"end":{"line":240,"column":3}},{"start":{"line":230,"column":9},"end":{"line":240,"column":3}}]},"1":{"loc":{"start":{"line":230,"column":9},"end":{"line":240,"column":3}},"type":"if","locations":[{"start":{"line":230,"column":9},"end":{"line":240,"column":3}},{"start":{"line":235,"column":9},"end":{"line":240,"column":3}}]},"2":{"loc":{"start":{"line":263,"column":2},"end":{"line":265,"column":3}},"type":"if","locations":[{"start":{"line":263,"column":2},"end":{"line":265,"column":3}}]},"3":{"loc":{"start":{"line":263,"column":6},"end":{"line":263,"column":22}},"type":"binary-expr","locations":[{"start":{"line":263,"column":6},"end":{"line":263,"column":12}},{"start":{"line":263,"column":16},"end":{"line":263,"column":22}}]},"4":{"loc":{"start":{"line":268,"column":2},"end":{"line":287,"column":3}},"type":"switch","locations":[{"start":{"line":269,"column":4},"end":{"line":270,"column":64}},{"start":{"line":271,"column":4},"end":{"line":272,"column":69}},{"start":{"line":273,"column":4},"end":{"line":274,"column":69}},{"start":{"line":275,"column":4},"end":{"line":276,"column":62}},{"start":{"line":277,"column":4},"end":{"line":278,"column":64}},{"start":{"line":279,"column":4},"end":{"line":280,"column":65}},{"start":{"line":281,"column":4},"end":{"line":282,"column":70}},{"start":{"line":283,"column":4},"end":{"line":284,"column":75}},{"start":{"line":285,"column":4},"end":{"line":286,"column":18}}]},"5":{"loc":{"start":{"line":309,"column":2},"end":{"line":312,"column":3}},"type":"if","locations":[{"start":{"line":309,"column":2},"end":{"line":312,"column":3}}]},"6":{"loc":{"start":{"line":309,"column":6},"end":{"line":309,"column":40}},"type":"binary-expr","locations":[{"start":{"line":309,"column":6},"end":{"line":309,"column":15}},{"start":{"line":309,"column":19},"end":{"line":309,"column":40}}]},"7":{"loc":{"start":{"line":316,"column":20},"end":{"line":318,"column":70}},"type":"binary-expr","locations":[{"start":{"line":316,"column":20},"end":{"line":316,"column":34}},{"start":{"line":316,"column":38},"end":{"line":316,"column":52}},{"start":{"line":316,"column":56},"end":{"line":316,"column":70}},{"start":{"line":317,"column":19},"end":{"line":317,"column":33}},{"start":{"line":317,"column":37},"end":{"line":317,"column":51}},{"start":{"line":317,"column":55},"end":{"line":317,"column":69}},{"start":{"line":318,"column":19},"end":{"line":318,"column":33}},{"start":{"line":318,"column":37},"end":{"line":318,"column":51}},{"start":{"line":318,"column":55},"end":{"line":318,"column":70}}]},"8":{"loc":{"start":{"line":320,"column":4},"end":{"line":322,"column":5}},"type":"if","locations":[{"start":{"line":320,"column":4},"end":{"line":322,"column":5}}]},"9":{"loc":{"start":{"line":327,"column":2},"end":{"line":330,"column":3}},"type":"if","locations":[{"start":{"line":327,"column":2},"end":{"line":330,"column":3}}]},"10":{"loc":{"start":{"line":338,"column":13},"end":{"line":338,"column":53}},"type":"binary-expr","locations":[{"start":{"line":338,"column":13},"end":{"line":338,"column":31}},{"start":{"line":338,"column":35},"end":{"line":338,"column":53}}]},"11":{"loc":{"start":{"line":341,"column":4},"end":{"line":349,"column":5}},"type":"if","locations":[{"start":{"line":341,"column":4},"end":{"line":349,"column":5}}]},"12":{"loc":{"start":{"line":343,"column":6},"end":{"line":348,"column":7}},"type":"if","locations":[{"start":{"line":343,"column":6},"end":{"line":348,"column":7}}]}},"s":{"0":1,"1":1,"2":1,"3":1,"4":1,"5":1,"6":1,"7":1,"8":1,"9":1,"10":1,"11":1,"12":1,"13":1,"14":1,"15":1,"16":1,"17":1,"18":1,"19":0,"20":0,"21":0,"22":0,"23":0,"24":0,"25":0,"26":0,"27":0,"28":0,"29":0,"30":1,"31":1,"32":0,"33":0,"34":0,"35":0,"36":0,"37":1,"38":1,"39":0,"40":0,"41":0,"42":0,"43":0,"44":1,"45":1,"46":0,"47":0,"48":0,"49":0,"50":0,"51":1,"52":1,"53":0,"54":0,"55":0,"56":0,"57":0,"58":1,"59":1,"60":0,"61":0,"62":0,"63":0,"64":0,"65":0,"66":0,"67":0,"68":0,"69":0,"70":0,"71":0,"72":0,"73":1,"74":1,"75":2,"76":2,"77":1,"78":1,"79":1,"80":0,"81":0,"82":0,"83":0,"84":0,"85":0,"86":0,"87":0,"88":1,"89":1,"90":1,"91":1,"92":0,"93":0,"94":1,"95":1,"96":1,"97":0,"98":1,"99":1,"100":0,"101":0,"102":1,"103":1,"104":1,"105":3,"106":3,"107":3,"108":3,"109":3,"110":3,"111":3,"112":1,"113":1,"114":1},"f":{"0":1,"1":1,"2":0,"3":0,"4":0,"5":0,"6":0,"7":0,"8":2,"9":1,"10":1,"11":3},"b":{"0":[0,0],"1":[0,0],"2":[1],"3":[2,2],"4":[1,0,0,0,0,0,0,0,0],"5":[0],"6":[1,1],"7":[1,1,1,1,1,1,1,1,1],"8":[0],"9":[0],"10":[3,3],"11":[3],"12":[3]}}
}
