TN:
SF:src\server.ts
FN:33,(anonymous_1)
FN:39,(anonymous_2)
FNF:2
FNH:0
FNDA:0,(anonymous_1)
FNDA:0,(anonymous_2)
DA:1,0
DA:2,0
DA:3,0
DA:5,0
DA:6,0
DA:7,0
DA:10,0
DA:13,0
DA:16,0
DA:17,0
DA:20,0
DA:23,0
DA:26,0
DA:29,0
DA:30,0
DA:33,0
DA:34,0
DA:36,0
DA:39,0
DA:40,0
DA:43,0
LF:21
LH:0
BRDA:20,0,0,0
BRDA:20,0,1,0
BRF:2
BRH:0
end_of_record
TN:
SF:src\controllers\calculationController.ts
FN:6,(anonymous_7)
FN:6,(anonymous_8)
FN:10,(anonymous_9)
FN:37,(anonymous_10)
FN:37,(anonymous_11)
FN:41,(anonymous_12)
FN:54,(anonymous_13)
FN:77,(anonymous_14)
FN:77,(anonymous_15)
FN:89,(anonymous_16)
FN:104,(anonymous_17)
FN:105,(anonymous_18)
FNF:12
FNH:12
FNDA:4,(anonymous_7)
FNDA:4,(anonymous_8)
FNDA:4,(anonymous_9)
FNDA:6,(anonymous_10)
FNDA:6,(anonymous_11)
FNDA:5,(anonymous_12)
FNDA:3,(anonymous_13)
FNDA:4,(anonymous_14)
FNDA:4,(anonymous_15)
FNDA:2,(anonymous_16)
FNDA:2,(anonymous_17)
FNDA:2,(anonymous_18)
DA:2,1
DA:3,1
DA:6,4
DA:7,4
DA:8,4
DA:10,4
DA:11,4
DA:12,1
DA:15,3
DA:16,3
DA:17,3
DA:19,3
DA:20,1
DA:23,2
DA:30,1
DA:32,1
DA:37,6
DA:38,6
DA:39,6
DA:41,6
DA:42,5
DA:43,1
DA:46,4
DA:48,4
DA:49,1
DA:53,3
DA:54,3
DA:57,3
DA:58,1
DA:61,2
DA:63,2
DA:64,1
DA:67,1
DA:72,1
DA:77,4
DA:78,4
DA:79,4
DA:81,4
DA:83,4
DA:84,2
DA:85,2
DA:89,2
DA:101,2
DA:104,2
DA:105,2
DA:106,2
DA:108,2
DA:110,2
DA:111,1
DA:113,1
DA:115,1
DA:116,1
LF:52
LH:52
BRDA:11,0,0,1
BRDA:19,1,0,1
BRDA:19,2,0,3
BRDA:19,2,1,2
BRDA:19,2,2,2
BRDA:42,3,0,1
BRDA:48,4,0,1
BRDA:54,5,0,3
BRDA:54,5,1,3
BRDA:57,6,0,1
BRDA:63,7,0,1
BRDA:79,8,0,0
BRDA:83,9,0,2
BRDA:83,10,0,4
BRDA:83,10,1,3
BRDA:83,10,2,3
BRDA:98,11,0,2
BRDA:98,11,1,0
BRF:18
BRH:16
end_of_record
TN:
SF:src\controllers\camProfileController.ts
FN:8,(anonymous_7)
FN:8,(anonymous_8)
FN:17,(anonymous_9)
FN:17,(anonymous_10)
FN:19,(anonymous_11)
FN:30,(anonymous_12)
FN:30,(anonymous_13)
FN:41,(anonymous_14)
FN:55,(anonymous_15)
FN:55,(anonymous_16)
FN:57,(anonymous_17)
FN:76,(anonymous_18)
FN:76,(anonymous_19)
FN:78,(anonymous_20)
FN:91,(anonymous_21)
FN:91,(anonymous_22)
FN:93,(anonymous_23)
FN:124,(anonymous_24)
FN:124,(anonymous_25)
FN:128,(anonymous_26)
FN:134,(anonymous_27)
FN:168,(anonymous_28)
FN:168,(anonymous_29)
FN:172,(anonymous_30)
FN:178,(anonymous_31)
FN:190,(anonymous_32)
FN:190,(anonymous_33)
FN:192,(anonymous_34)
FN:207,(anonymous_35)
FNF:29
FNH:20
FNDA:2,(anonymous_7)
FNDA:2,(anonymous_8)
FNDA:2,(anonymous_9)
FNDA:2,(anonymous_10)
FNDA:3,(anonymous_11)
FNDA:1,(anonymous_12)
FNDA:1,(anonymous_13)
FNDA:0,(anonymous_14)
FNDA:2,(anonymous_15)
FNDA:2,(anonymous_16)
FNDA:2,(anonymous_17)
FNDA:2,(anonymous_18)
FNDA:2,(anonymous_19)
FNDA:2,(anonymous_20)
FNDA:3,(anonymous_21)
FNDA:3,(anonymous_22)
FNDA:3,(anonymous_23)
FNDA:1,(anonymous_24)
FNDA:1,(anonymous_25)
FNDA:1,(anonymous_26)
FNDA:2,(anonymous_27)
FNDA:0,(anonymous_28)
FNDA:0,(anonymous_29)
FNDA:0,(anonymous_30)
FNDA:0,(anonymous_31)
FNDA:0,(anonymous_32)
FNDA:0,(anonymous_33)
FNDA:0,(anonymous_34)
FNDA:0,(anonymous_35)
DA:2,2
DA:5,2
DA:8,2
DA:9,2
DA:10,2
DA:12,1
DA:17,2
DA:18,2
DA:19,3
DA:20,2
DA:21,1
DA:23,1
DA:25,0
DA:30,2
DA:31,1
DA:32,1
DA:40,1
DA:41,1
DA:47,1
DA:48,1
DA:50,0
DA:55,2
DA:56,2
DA:57,2
DA:58,2
DA:59,1
DA:62,1
DA:68,1
DA:69,1
DA:71,0
DA:76,2
DA:77,2
DA:78,2
DA:79,2
DA:80,1
DA:83,1
DA:84,1
DA:86,0
DA:91,3
DA:92,3
DA:93,3
DA:94,3
DA:95,1
DA:99,2
DA:100,1
DA:103,1
DA:104,1
DA:105,1
DA:106,1
DA:109,2
DA:114,2
DA:115,2
DA:117,2
DA:119,0
DA:124,2
DA:125,1
DA:126,1
DA:128,1
DA:129,1
DA:130,0
DA:133,1
DA:134,2
DA:137,1
DA:138,0
DA:142,1
DA:148,1
DA:149,1
DA:150,1
DA:153,1
DA:154,1
DA:155,1
DA:156,1
DA:159,1
DA:161,1
DA:163,0
DA:168,2
DA:169,0
DA:170,0
DA:172,0
DA:173,0
DA:174,0
DA:177,0
DA:178,0
DA:181,0
DA:183,0
DA:185,0
DA:190,2
DA:191,0
DA:192,0
DA:193,0
DA:194,0
DA:197,0
DA:198,0
DA:200,0
DA:202,0
DA:207,2
DA:208,0
DA:209,0
DA:233,0
DA:234,0
LF:100
LH:70
BRDA:20,0,0,1
BRDA:40,1,0,1
BRDA:58,2,0,1
BRDA:79,3,0,1
BRDA:94,4,0,1
BRDA:99,5,0,1
BRDA:99,6,0,2
BRDA:99,6,1,2
BRDA:129,7,0,0
BRDA:137,8,0,0
BRDA:148,9,0,1
BRDA:173,10,0,0
BRDA:193,11,0,0
BRDA:208,12,0,0
BRF:14
BRH:9
end_of_record
TN:
SF:src\models\CamProfile.ts
FNF:0
FNH:0
DA:1,0
DA:29,0
DA:46,0
DA:55,0
LF:4
LH:0
BRF:0
BRH:0
end_of_record
TN:
SF:src\routes\calculationRoutes.ts
FNF:0
FNH:0
DA:1,0
DA:2,0
DA:8,0
DA:11,0
DA:14,0
DA:17,0
DA:19,0
LF:7
LH:0
BRF:0
BRH:0
end_of_record
TN:
SF:src\routes\camProfileRoutes.ts
FNF:0
FNH:0
DA:1,0
DA:2,0
DA:14,0
DA:17,0
DA:18,0
DA:19,0
DA:20,0
DA:21,0
DA:24,0
DA:25,0
DA:26,0
DA:29,0
DA:31,0
LF:13
LH:0
BRF:0
BRH:0
end_of_record
TN:
SF:src\utils\camCalculations.ts
FN:6,(anonymous_0)
FN:33,(anonymous_1)
FN:66,(anonymous_2)
FN:101,(anonymous_3)
FN:128,(anonymous_4)
FN:155,(anonymous_5)
FN:182,(anonymous_6)
FN:209,(anonymous_7)
FN:246,(anonymous_8)
FN:291,(anonymous_9)
FN:315,(anonymous_10)
FN:338,(anonymous_11)
FNF:12
FNH:6
FNDA:1,(anonymous_0)
FNDA:1,(anonymous_1)
FNDA:0,(anonymous_2)
FNDA:0,(anonymous_3)
FNDA:0,(anonymous_4)
FNDA:0,(anonymous_5)
FNDA:0,(anonymous_6)
FNDA:0,(anonymous_7)
FNDA:2,(anonymous_8)
FNDA:1,(anonymous_9)
FNDA:1,(anonymous_10)
FNDA:3,(anonymous_11)
DA:6,1
DA:18,1
DA:21,1
DA:24,1
DA:27,1
DA:29,1
DA:33,1
DA:45,1
DA:48,1
DA:49,1
DA:50,1
DA:51,1
DA:54,1
DA:57,1
DA:60,1
DA:62,1
DA:66,1
DA:78,0
DA:81,0
DA:82,0
DA:83,0
DA:84,0
DA:85,0
DA:86,0
DA:89,0
DA:92,0
DA:95,0
DA:97,0
DA:101,1
DA:113,0
DA:116,0
DA:119,0
DA:122,0
DA:124,0
DA:128,1
DA:140,0
DA:143,0
DA:146,0
DA:149,0
DA:151,0
DA:155,1
DA:167,0
DA:170,0
DA:173,0
DA:176,0
DA:178,0
DA:182,1
DA:194,0
DA:197,0
DA:200,0
DA:203,0
DA:205,0
DA:209,1
DA:221,0
DA:225,0
DA:227,0
DA:228,0
DA:229,0
DA:230,0
DA:232,0
DA:233,0
DA:234,0
DA:237,0
DA:238,0
DA:239,0
DA:242,0
DA:246,1
DA:260,2
DA:263,2
DA:264,1
DA:268,1
DA:270,1
DA:272,0
DA:274,0
DA:276,0
DA:278,0
DA:280,0
DA:282,0
DA:284,0
DA:286,0
DA:291,1
DA:307,1
DA:309,1
DA:310,0
DA:311,0
DA:315,1
DA:316,1
DA:320,1
DA:321,0
DA:324,1
DA:327,1
DA:328,0
DA:329,0
DA:332,1
DA:333,1
DA:335,1
DA:337,3
DA:338,3
DA:341,3
DA:342,3
DA:343,3
DA:344,3
DA:351,3
DA:354,1
DA:355,1
LF:105
LH:48
BRDA:225,0,0,0
BRDA:225,0,1,0
BRDA:230,1,0,0
BRDA:230,1,1,0
BRDA:263,2,0,1
BRDA:263,3,0,2
BRDA:263,3,1,2
BRDA:268,4,0,1
BRDA:268,4,1,0
BRDA:268,4,2,0
BRDA:268,4,3,0
BRDA:268,4,4,0
BRDA:268,4,5,0
BRDA:268,4,6,0
BRDA:268,4,7,0
BRDA:268,4,8,0
BRDA:309,5,0,0
BRDA:309,6,0,1
BRDA:309,6,1,1
BRDA:316,7,0,1
BRDA:316,7,1,1
BRDA:316,7,2,1
BRDA:316,7,3,1
BRDA:316,7,4,1
BRDA:316,7,5,1
BRDA:316,7,6,1
BRDA:316,7,7,1
BRDA:316,7,8,1
BRDA:320,8,0,0
BRDA:327,9,0,0
BRDA:338,10,0,3
BRDA:338,10,1,3
BRDA:341,11,0,3
BRDA:343,12,0,3
BRF:34
BRH:19
end_of_record
